return array (
  'completed' => true,
  'availSlices' => 
  array (
    0 => 
    array (
      0 => 1,
      1 => 2,
      2 => 7,
    ),
    1 => 
    array (
      0 => 1,
      1 => 2,
      2 => 7,
      3 => 9,
      4 => 11,
    ),
    2 => 
    array (
      0 => 1,
      1 => 2,
      2 => 7,
      3 => 9,
      4 => 11,
    ),
    3 => 
    array (
      0 => 1,
      1 => 7,
      2 => 9,
      3 => 11,
    ),
    5 => 
    array (
      0 => 2,
      1 => 5,
      2 => 7,
      3 => 8,
      4 => 10,
      5 => 12,
    ),
    6 => 
    array (
      0 => 2,
      1 => 7,
      2 => 8,
      3 => 11,
    ),
    7 => 
    array (
      0 => 2,
      1 => 7,
      2 => 10,
      3 => 11,
    ),
    8 => 
    array (
      0 => 7,
      1 => 11,
      2 => 12,
    ),
  ),
  'pathCombinationsAr' => 
  array (
    0 => 0,
    2 => 3,
    3 => 0,
  ),
);