return array (
  'completed' => true,
  'availSlices' => 
  array (
    0 => 
    array (
      0 => 0,
      1 => 1,
      2 => 2,
      3 => 3,
      4 => 4,
      5 => 5,
      6 => 6,
      7 => 7,
      8 => 8,
    ),
    1 => 
    array (
      0 => 0,
      1 => 1,
      2 => 2,
      3 => 4,
      4 => 5,
    ),
    2 => 
    array (
      0 => 0,
      1 => 1,
      2 => 4,
      3 => 6,
    ),
    3 => 
    array (
      0 => 0,
      1 => 2,
      2 => 3,
      3 => 4,
      4 => 5,
      5 => 6,
      6 => 8,
    ),
    4 => 
    array (
      0 => 0,
      1 => 2,
      2 => 3,
    ),
    5 => 
    array (
      0 => 0,
      1 => 2,
      2 => 3,
      3 => 5,
      4 => 7,
    ),
    6 => 
    array (
      0 => 0,
      1 => 2,
      2 => 5,
      3 => 7,
    ),
    7 => 
    array (
      0 => 0,
      1 => 1,
      2 => 2,
      3 => 3,
      4 => 5,
      5 => 7,
    ),
    8 => 
    array (
      0 => 0,
      1 => 1,
      2 => 2,
      3 => 3,
      4 => 4,
      5 => 5,
      6 => 7,
    ),
    9 => 
    array (
      0 => 0,
      1 => 1,
      2 => 2,
      3 => 3,
      4 => 4,
      5 => 6,
    ),
    10 => 
    array (
      0 => 0,
      1 => 2,
      2 => 3,
      3 => 4,
      4 => 5,
      5 => 6,
      6 => 7,
      7 => 8,
    ),
    11 => 
    array (
      0 => 0,
      1 => 2,
      2 => 3,
      3 => 5,
      4 => 6,
      5 => 8,
    ),
    12 => 
    array (
      0 => 0,
      1 => 2,
      2 => 3,
    ),
    13 => 
    array (
      0 => 0,
      1 => 2,
      2 => 5,
      3 => 7,
    ),
    14 => 
    array (
      0 => 1,
      1 => 3,
      2 => 4,
      3 => 6,
    ),
    15 => 
    array (
      0 => 1,
      1 => 2,
      2 => 3,
      3 => 4,
      4 => 5,
      5 => 6,
      6 => 7,
      7 => 8,
    ),
    16 => 
    array (
      0 => 1,
      1 => 2,
      2 => 3,
      3 => 4,
      4 => 5,
      5 => 6,
      6 => 8,
    ),
    17 => 
    array (
      0 => 3,
      1 => 4,
      2 => 6,
    ),
    18 => 
    array (
      0 => 2,
      1 => 3,
      2 => 5,
      3 => 6,
      4 => 7,
      5 => 8,
    ),
    19 => 
    array (
      0 => 2,
      1 => 3,
      2 => 5,
      3 => 8,
    ),
    20 => 
    array (
      0 => 2,
      1 => 5,
      2 => 7,
    ),
    21 => 
    array (
      0 => 1,
      1 => 3,
      2 => 4,
      3 => 6,
      4 => 8,
    ),
    22 => 
    array (
      0 => 1,
      1 => 3,
      2 => 4,
      3 => 5,
      4 => 6,
      5 => 7,
    ),
    23 => 
    array (
      0 => 1,
      1 => 3,
      2 => 4,
      3 => 5,
      4 => 6,
      5 => 7,
      6 => 8,
    ),
    24 => 
    array (
      0 => 3,
      1 => 4,
      2 => 6,
      3 => 8,
    ),
    25 => 
    array (
      0 => 3,
      1 => 5,
      2 => 7,
    ),
    26 => 
    array (
      0 => 3,
      1 => 5,
      2 => 7,
    ),
    30 => 
    array (
      0 => 1,
    ),
    31 => 
    array (
      0 => 4,
    ),
    32 => 
    array (
      0 => 6,
    ),
    33 => 
    array (
      0 => 3,
      1 => 8,
    ),
    37 => 
    array (
      0 => 1,
    ),
    38 => 
    array (
      0 => 4,
    ),
    39 => 
    array (
      0 => 6,
    ),
    40 => 
    array (
      0 => 8,
    ),
  ),
  'pathCombinationsAr' => 
  array (
    0 => 1,
    5 => 0,
    6 => 0,
    7 => 0,
    8 => 0,
    9 => 0,
    10 => 0,
    11 => 0,
    40 => 0,
  ),
);